<?xml version="1.0" encoding="UTF-8"?>
<!-- Generated by org.testng.reporters.JUnitReportReporter -->
<testsuite hostname="LAPTOP-LLRANQ98" failures="0" tests="10" name="com.trello.qspiders.learntesting.DisableTestCaseFromExecution" time="0.024" errors="0" timestamp="2023-03-25T13:47:32 IST" skipped="0">
  <testcase classname="com.trello.qspiders.learntesting.DisableTestCaseFromExecution" name="StrategiesOfLocatorsTest" time="0.006"/>
  <system-out/>
  <testcase classname="com.trello.qspiders.learntesting.DisableTestCaseFromExecution" name="StrategiesOfLocatorsTest" time="0.001"/>
  <system-out/>
  <testcase classname="com.trello.qspiders.learntesting.DisableTestCaseFromExecution" name="IdTest" time="0.003"/>
  <system-out/>
  <testcase classname="com.trello.qspiders.learntesting.DisableTestCaseFromExecution" name="ClassNameTest" time="0.002"/>
  <system-out/>
  <testcase classname="com.trello.qspiders.learntesting.DisableTestCaseFromExecution" name="linktextTest" time="0.003"/>
  <system-out/>
  <testcase classname="com.trello.qspiders.learntesting.DisableTestCaseFromExecution" name="partiallLinkTest" time="0.002"/>
  <system-out/>
  <testcase classname="com.trello.qspiders.learntesting.DisableTestCaseFromExecution" name="tagNameTest" time="0.001"/>
  <system-out/>
  <testcase classname="com.trello.qspiders.learntesting.DisableTestCaseFromExecution" name="CSSselectorTest" time="0.002"/>
  <system-out/>
  <testcase classname="com.trello.qspiders.learntesting.DisableTestCaseFromExecution" name="XpathTest" time="0.002"/>
  <system-out/>
  <testcase classname="com.trello.qspiders.learntesting.DisableTestCaseFromExecution" name="nameTest" time="0.002"/>
  <system-out/>
</testsuite> <!-- com.trello.qspiders.learntesting.DisableTestCaseFromExecution -->
