<?xml version="1.0" encoding="UTF-8"?>
<!-- Generated by org.testng.reporters.JUnitReportReporter -->
<testsuite hostname="LAPTOP-LLRANQ98" failures="0" tests="2" name="com.trello.qspiders.LearnActionClass.ActionOnMyntra" time="51.580" errors="0" timestamp="2023-04-03T15:04:35 IST" skipped="0">
  <testcase classname="com.trello.qspiders.LearnActionClass.ActionOnMyntra" name="MoveOnSoManyEleAtATime" time="28.911"/>
  <system-out/>
  <testcase classname="com.trello.qspiders.LearnActionClass.ActionOnMyntra" name="MoveMousePointerOnMenSection" time="22.669"/>
  <system-out/>
</testsuite> <!-- com.trello.qspiders.LearnActionClass.ActionOnMyntra -->
