<?xml version="1.0" encoding="UTF-8"?>
<!-- Generated by org.testng.reporters.JUnitReportReporter -->
<testsuite hostname="LAPTOP-LLRANQ98" failures="0" tests="9" name="com.trello.qspiders.learntesting.ExecuteSameTestcaseMultipleTimes" time="0.015" errors="0" timestamp="2023-03-25T13:44:02 IST" skipped="0">
  <testcase classname="com.trello.qspiders.learntesting.ExecuteSameTestcaseMultipleTimes" name="SeleniumConceptTest" time="0.002"/>
  <system-out/>
  <testcase classname="com.trello.qspiders.learntesting.ExecuteSameTestcaseMultipleTimes" name="SeleniumConceptTest" time="0.001"/>
  <system-out/>
  <testcase classname="com.trello.qspiders.learntesting.ExecuteSameTestcaseMultipleTimes" name="HTML" time="0.002"/>
  <system-out/>
  <testcase classname="com.trello.qspiders.learntesting.ExecuteSameTestcaseMultipleTimes" name="CSSTest" time="0.002"/>
  <system-out/>
  <testcase classname="com.trello.qspiders.learntesting.ExecuteSameTestcaseMultipleTimes" name="JSON" time="0.003"/>
  <system-out/>
  <testcase classname="com.trello.qspiders.learntesting.ExecuteSameTestcaseMultipleTimes" name="JavaScriptTest" time="0.001"/>
  <system-out/>
  <testcase classname="com.trello.qspiders.learntesting.ExecuteSameTestcaseMultipleTimes" name="JavaScriptTest" time="0.001"/>
  <system-out/>
  <testcase classname="com.trello.qspiders.learntesting.ExecuteSameTestcaseMultipleTimes" name="JavaScriptTest" time="0.001"/>
  <system-out/>
  <testcase classname="com.trello.qspiders.learntesting.ExecuteSameTestcaseMultipleTimes" name="JQuery" time="0.002"/>
  <system-out/>
</testsuite> <!-- com.trello.qspiders.learntesting.ExecuteSameTestcaseMultipleTimes -->
