<?xml version="1.0" encoding="UTF-8"?>
<!-- Generated by org.testng.reporters.JUnitReportReporter -->
<testsuite hostname="LAPTOP-LLRANQ98" failures="0" tests="7" name="com.trello.qspiders.learntesting.UserDefinedOrder" time="0.011" errors="0" timestamp="2023-03-25T13:44:02 IST" skipped="0">
  <testcase classname="com.trello.qspiders.learntesting.UserDefinedOrder" name="QspiderTest" time="0.001"/>
  <system-out/>
  <testcase classname="com.trello.qspiders.learntesting.UserDefinedOrder" name="SeleniumTest" time="0.002"/>
  <system-out/>
  <testcase classname="com.trello.qspiders.learntesting.UserDefinedOrder" name="SQLTest" time="0.002"/>
  <system-out/>
  <testcase classname="com.trello.qspiders.learntesting.UserDefinedOrder" name="ManualTest" time="0.001"/>
  <system-out/>
  <testcase classname="com.trello.qspiders.learntesting.UserDefinedOrder" name="JavaTest" time="0.001"/>
  <system-out/>
  <testcase classname="com.trello.qspiders.learntesting.UserDefinedOrder" name="APITest" time="0.002"/>
  <system-out/>
  <testcase classname="com.trello.qspiders.learntesting.UserDefinedOrder" name="ProjectTest" time="0.002"/>
  <system-out/>
</testsuite> <!-- com.trello.qspiders.learntesting.UserDefinedOrder -->
