<?xml version="1.0" encoding="UTF-8"?>
<!-- Generated by org.testng.reporters.JUnitReportReporter -->
<testsuite hostname="LAPTOP-LLRANQ98" failures="0" tests="1" name="com.trell.qspiders.endtoend.LoginAndLogoutFromTrello" time="24.109" errors="0" timestamp="2023-04-10T23:59:42 IST" skipped="0">
  <testcase classname="com.trell.qspiders.endtoend.LoginAndLogoutFromTrello" name="endToEnd" time="24.109"/>
  <system-out/>
</testsuite> <!-- com.trell.qspiders.endtoend.LoginAndLogoutFromTrello -->
