<?xml version="1.0" encoding="UTF-8"?>
<!-- Generated by org.testng.reporters.JUnitReportReporter -->
<testsuite hostname="LAPTOP-LLRANQ98" failures="0" tests="2" name="HandlingPopups.FileUploadPopup1" time="64.547" errors="0" timestamp="2023-04-22T10:48:35 IST" skipped="0">
  <testcase classname="HandlingPopups.FileUploadPopup1" name="uploadpopup" time="33.581"/>
  <system-out/>
  <testcase classname="HandlingPopups.FileUploadPopup1" name="OneMoreWayFileUploadPopup" time="30.966"/>
  <system-out/>
</testsuite> <!-- HandlingPopups.FileUploadPopup1 -->
