<?xml version="1.0" encoding="UTF-8"?>
<!-- Generated by org.testng.reporters.JUnitReportReporter -->
<testsuite hostname="LAPTOP-LLRANQ98" failures="0" tests="1" name="com.trello.qpiders.javascriptsexecutors.ScrollingWebPage" time="71.670" errors="0" timestamp="2023-05-05T14:07:55 IST" skipped="0">
  <testcase classname="com.trello.qpiders.javascriptsexecutors.ScrollingWebPage" name="name" time="71.670"/>
  <system-out/>
</testsuite> <!-- com.trello.qpiders.javascriptsexecutors.ScrollingWebPage -->
