<?xml version="1.0" encoding="UTF-8"?>
<!-- Generated by org.testng.reporters.JUnitReportReporter -->
<testsuite hostname="LAPTOP-LLRANQ98" failures="0" tests="5" name="com.trello.qspiders.learntesting.WhatIfMultipleTestAnnotationsINTheClass" time="0.023" errors="0" timestamp="2023-03-25T13:44:02 IST" skipped="0">
  <testcase classname="com.trello.qspiders.learntesting.WhatIfMultipleTestAnnotationsINTheClass" name="bananaTest" time="0.003"/>
  <system-out/>
  <testcase classname="com.trello.qspiders.learntesting.WhatIfMultipleTestAnnotationsINTheClass" name="mangoTest" time="0.002"/>
  <system-out/>
  <testcase classname="com.trello.qspiders.learntesting.WhatIfMultipleTestAnnotationsINTheClass" name="orrengeTest" time="0.002"/>
  <system-out/>
  <testcase classname="com.trello.qspiders.learntesting.WhatIfMultipleTestAnnotationsINTheClass" name="grapesTest" time="0.003"/>
  <system-out/>
  <testcase classname="com.trello.qspiders.learntesting.WhatIfMultipleTestAnnotationsINTheClass" name="appleTest" time="0.013"/>
  <system-out/>
</testsuite> <!-- com.trello.qspiders.learntesting.WhatIfMultipleTestAnnotationsINTheClass -->
