<?xml version="1.0" encoding="UTF-8"?>
<!-- Generated by org.testng.reporters.JUnitReportReporter -->
<testsuite hostname="LAPTOP-LLRANQ98" failures="0" tests="1" name="dragAndDrop.HandlingDragDrop" time="23.706" errors="0" timestamp="2023-04-21T10:08:03 IST" skipped="0">
  <testcase classname="dragAndDrop.HandlingDragDrop" name="DragDrop" time="23.706"/>
  <system-out/>
</testsuite> <!-- dragAndDrop.HandlingDragDrop -->
