<?xml version="1.0" encoding="UTF-8"?>
<!-- Generated by org.testng.reporters.JUnitReportReporter -->
<testsuite hostname="LAPTOP-LLRANQ98" failures="0" tests="1" name="HandlingPopups.Popups" time="12.535" errors="0" timestamp="2023-04-25T13:51:08 IST" skipped="0">
  <testcase classname="HandlingPopups.Popups" name="PromptPopup" time="12.535"/>
  <system-out/>
</testsuite> <!-- HandlingPopups.Popups -->
