<?xml version="1.0" encoding="UTF-8"?>
<!-- Generated by org.testng.reporters.JUnitReportReporter -->
<testsuite hostname="LAPTOP-LLRANQ98" failures="0" tests="3" name="com.trello.qspiders.learntesting.OrderOfBasicAnnotations" time="0.014" errors="0" timestamp="2023-04-01T16:03:47 IST" skipped="0">
  <testcase classname="com.trello.qspiders.learntesting.OrderOfBasicAnnotations" name="SendFriendRequest" time="0.003"/>
  <system-out/>
  <testcase classname="com.trello.qspiders.learntesting.OrderOfBasicAnnotations" name="UpLoadProfilePic" time="0.010"/>
  <system-out/>
  <testcase classname="com.trello.qspiders.learntesting.OrderOfBasicAnnotations" name="AcceptfriendRequest" time="0.001"/>
  <system-out/>
</testsuite> <!-- com.trello.qspiders.learntesting.OrderOfBasicAnnotations -->
