<?xml version="1.0" encoding="UTF-8"?>
<!-- Generated by org.testng.reporters.JUnitReportReporter -->
<testsuite hostname="LAPTOP-LLRANQ98" failures="0" tests="1" name="com.trello.qspiders.learntesting.UsageOfBeforeAndAfterMethod" time="17.604" errors="0" timestamp="2023-03-25T13:44:02 IST" skipped="0">
  <testcase classname="com.trello.qspiders.learntesting.UsageOfBeforeAndAfterMethod" name="testcase" time="17.604"/>
  <system-out/>
</testsuite> <!-- com.trello.qspiders.learntesting.UsageOfBeforeAndAfterMethod -->
