<?xml version="1.0" encoding="UTF-8"?>
<!-- Generated by org.testng.reporters.JUnitReportReporter -->
<testsuite hostname="LAPTOP-LLRANQ98" failures="0" tests="1" name="com.trello.qspiders.endToendTest.TrelloEndToEnd" time="44.556" errors="0" timestamp="2023-07-05T22:48:49 IST" skipped="0">
  <testcase classname="com.trello.qspiders.endToendTest.TrelloEndToEnd" name="createandDeleteBoard" time="44.556"/>
  <system-out/>
</testsuite> <!-- com.trello.qspiders.endToendTest.TrelloEndToEnd -->
