<?xml version="1.0" encoding="UTF-8"?>
<!-- Generated by org.testng.reporters.JUnitReportReporter -->
<testsuite hostname="LAPTOP-LLRANQ98" failures="0" tests="1" name="practise.P2" time="0.009" errors="0" timestamp="2023-07-26T16:10:41 IST" skipped="0">
  <testcase classname="practise.P2" name="test" time="0.009">
    <system-out>
      <![CDATA[hi]]>
    </system-out>
  </testcase> <!-- test -->
  <system-out>
    <![CDATA[hi]]>
  </system-out>
</testsuite> <!-- practise.P2 -->
