<?xml version="1.0" encoding="UTF-8"?>
<!-- Generated by org.testng.reporters.JUnitReportReporter -->
<testsuite hostname="LAPTOP-LLRANQ98" failures="0" tests="1" name="com.trello.qspiders.learnactionclass.handlingMyntraAutoSuggestions" time="4.840" errors="0" timestamp="2023-04-25T13:54:47 IST" skipped="0">
  <testcase classname="com.trello.qspiders.learnactionclass.handlingMyntraAutoSuggestions" name="hadlingActiveElement" time="4.840"/>
  <system-out/>
</testsuite> <!-- com.trello.qspiders.learnactionclass.handlingMyntraAutoSuggestions -->
