<?xml version="1.0" encoding="UTF-8"?>
<!-- Generated by org.testng.reporters.JUnitReportReporter -->
<testsuite hostname="LAPTOP-LLRANQ98" failures="0" tests="1" name="RobotClass.DemoRobotClass" time="0.088" errors="0" timestamp="2023-04-18T23:32:12 IST" skipped="0">
  <testcase classname="RobotClass.DemoRobotClass" name="key" time="0.088"/>
  <system-out/>
</testsuite> <!-- RobotClass.DemoRobotClass -->
