<?xml version="1.0" encoding="UTF-8"?>
<!-- Generated by org.testng.reporters.JUnitReportReporter -->
<testsuite hostname="LAPTOP-LLRANQ98" failures="0" tests="3" name="com.trello.qspiders.learntesting.GroupSelenium" time="0.016" errors="0" timestamp="2023-03-25T14:00:43 IST" skipped="0">
  <testcase classname="com.trello.qspiders.learntesting.GroupSelenium" name="NameA" time="0.011"/>
  <system-out/>
  <testcase classname="com.trello.qspiders.learntesting.GroupSelenium" name="NameC" time="0.003"/>
  <system-out/>
  <testcase classname="com.trello.qspiders.learntesting.GroupSelenium" name="NameB" time="0.002"/>
  <system-out/>
</testsuite> <!-- com.trello.qspiders.learntesting.GroupSelenium -->
