<?xml version="1.0" encoding="UTF-8"?>
<!-- Generated by org.testng.reporters.JUnitReportReporter -->
<testsuite hostname="LAPTOP-LLRANQ98" failures="0" tests="1" name="HandlingPopups.FileDownloadFileUploadPopup" time="18.276" errors="0" timestamp="2023-04-21T10:04:57 IST" skipped="0">
  <testcase classname="HandlingPopups.FileDownloadFileUploadPopup" name="fileDownLoadPopup" time="18.276"/>
  <system-out/>
</testsuite> <!-- HandlingPopups.FileDownloadFileUploadPopup -->
