<?xml version="1.0" encoding="UTF-8"?>
<!-- Generated by org.testng.reporters.JUnitReportReporter -->
<testsuite hostname="LAPTOP-LLRANQ98" failures="0" tests="1" name="com.trello.qspiders.learntesting.OneGoodAutomationScript" time="24.511" errors="0" timestamp="2023-03-27T13:21:10 IST" skipped="0">
  <testcase classname="com.trello.qspiders.learntesting.OneGoodAutomationScript" name="actitimeLoginLogout" time="24.511"/>
  <system-out>
    <![CDATA[Sucessfully Logged into the application.
Sucessfully Logged out from the application]]>
  </system-out>
</testsuite> <!-- com.trello.qspiders.learntesting.OneGoodAutomationScript -->
