<?xml version="1.0" encoding="UTF-8"?>
<!-- Generated by org.testng.reporters.JUnitReportReporter -->
<testsuite hostname="LAPTOP-LLRANQ98" failures="0" tests="4" name="com.trello.qspiders.learntesting.DataDrivenTestingByClass" time="0.021" errors="0" timestamp="2023-03-25T14:54:11 IST" skipped="0">
  <testcase classname="com.trello.qspiders.learntesting.DataDrivenTestingByClass" name="supplyDataToMe" time="0.003"/>
  <system-out/>
  <testcase classname="com.trello.qspiders.learntesting.DataDrivenTestingByClass" name="supplyDataToMe" time="0.014"/>
  <system-out/>
  <testcase classname="com.trello.qspiders.learntesting.DataDrivenTestingByClass" name="supplyDataToMe" time="0.001"/>
  <system-out/>
  <testcase classname="com.trello.qspiders.learntesting.DataDrivenTestingByClass" name="supplyDataToMe" time="0.003"/>
  <system-out/>
</testsuite> <!-- com.trello.qspiders.learntesting.DataDrivenTestingByClass -->
