<?xml version="1.0" encoding="UTF-8"?>
<!-- Generated by org.testng.reporters.JUnitReportReporter -->
<testsuite hostname="LAPTOP-LLRANQ98" failures="0" tests="3" name="com.trello.qspiders.learntesting.GroupSeleniumB" time="0.037" errors="0" timestamp="2023-03-25T14:11:55 IST" skipped="0">
  <testcase classname="com.trello.qspiders.learntesting.GroupSeleniumB" name="NameD" time="0.031"/>
  <system-out/>
  <testcase classname="com.trello.qspiders.learntesting.GroupSeleniumB" name="NameF" time="0.003"/>
  <system-out/>
  <testcase classname="com.trello.qspiders.learntesting.GroupSeleniumB" name="NameE" time="0.003"/>
  <system-out/>
</testsuite> <!-- com.trello.qspiders.learntesting.GroupSeleniumB -->
