<?xml version="1.0" encoding="UTF-8"?>
<!-- Generated by org.testng.reporters.JUnitReportReporter -->
<testsuite hostname="LAPTOP-LLRANQ98" failures="0" tests="2" name="com.trello.qspiders.learntesting.GroupSeleniumC" time="0.012" errors="0" timestamp="2023-03-25T14:17:07 IST" skipped="0">
  <testcase classname="com.trello.qspiders.learntesting.GroupSeleniumC" name="NameF" time="0.011"/>
  <system-out/>
  <testcase classname="com.trello.qspiders.learntesting.GroupSeleniumC" name="NameH" time="0.001"/>
  <system-out/>
</testsuite> <!-- com.trello.qspiders.learntesting.GroupSeleniumC -->
